This is pdfTeX, Version 3.1415926-1.40.10 (TeX Live 2009/Debian) (format=pdflatex 2011.1.4)  25 JAN 2011 14:55
entering extended mode
 restricted \write18 enabled.
 %&-line parsing enabled.
**thesis.tex
(./thesis.tex
LaTeX2e <2009/09/24>
Babel <v3.8l> and hyphenation patterns for english, usenglishmax, dumylang, noh
yphenation, loaded.
\@input{macros/univinfo.aux}
\openout2 = `macros/univinfo.aux'.

(./macros/univinfo.tex) (/usr/share/texmf-texlive/tex/latex/base/book.cls
Document Class: book 2007/10/19 v1.4h Standard LaTeX document class
(/usr/share/texmf-texlive/tex/latex/base/bk12.clo
File: bk12.clo 2007/10/19 v1.4h Standard LaTeX file (size option)
)
\c@part=\count79
\c@chapter=\count80
\c@section=\count81
\c@subsection=\count82
\c@subsubsection=\count83
\c@paragraph=\count84
\c@subparagraph=\count85
\c@figure=\count86
\c@table=\count87
\abovecaptionskip=\skip41
\belowcaptionskip=\skip42
\bibindent=\dimen102
) (./stylefiles/phdthesis.sty

LaTeX Warning: You have requested package `stylefiles/phdthesis',
               but the package provides `phdthesis'.

Package: phdthesis 2007/09/11 v1.0 PhD Thesis Style
(/usr/share/texmf-texlive/tex/latex/graphics/graphicx.sty
Package: graphicx 1999/02/16 v1.0f Enhanced LaTeX Graphics (DPC,SPQR)

(/usr/share/texmf-texlive/tex/latex/graphics/keyval.sty
Package: keyval 1999/03/16 v1.13 key=value parser (DPC)
\KV@toks@=\toks14
)
(/usr/share/texmf-texlive/tex/latex/graphics/graphics.sty
Package: graphics 2009/02/05 v1.0o Standard LaTeX Graphics (DPC,SPQR)

(/usr/share/texmf-texlive/tex/latex/graphics/trig.sty
Package: trig 1999/03/16 v1.09 sin cos tan (DPC)
)
(/etc/texmf/tex/latex/config/graphics.cfg
File: graphics.cfg 2009/08/28 v1.8 graphics configuration of TeX Live
)
Package graphics Info: Driver file: pdftex.def on input line 91.

(/usr/share/texmf-texlive/tex/latex/pdftex-def/pdftex.def
File: pdftex.def 2009/08/25 v0.04m Graphics/color for pdfTeX
\Gread@gobject=\count88
))
\Gin@req@height=\dimen103
\Gin@req@width=\dimen104
)
(/usr/share/texmf-texlive/tex/latex/amsmath/amsmath.sty
Package: amsmath 2000/07/18 v2.13 AMS math features
\@mathmargin=\skip43

For additional information on amsmath, use the `?' option.
(/usr/share/texmf-texlive/tex/latex/amsmath/amstext.sty
Package: amstext 2000/06/29 v2.01

(/usr/share/texmf-texlive/tex/latex/amsmath/amsgen.sty
File: amsgen.sty 1999/11/30 v2.0
\@emptytoks=\toks15
\ex@=\dimen105
))
(/usr/share/texmf-texlive/tex/latex/amsmath/amsbsy.sty
Package: amsbsy 1999/11/29 v1.2d
\pmbraise@=\dimen106
)
(/usr/share/texmf-texlive/tex/latex/amsmath/amsopn.sty
Package: amsopn 1999/12/14 v2.01 operator names
)
\inf@bad=\count89
LaTeX Info: Redefining \frac on input line 211.
\uproot@=\count90
\leftroot@=\count91
LaTeX Info: Redefining \overline on input line 307.
\classnum@=\count92
\DOTSCASE@=\count93
LaTeX Info: Redefining \ldots on input line 379.
LaTeX Info: Redefining \dots on input line 382.
LaTeX Info: Redefining \cdots on input line 467.
\Mathstrutbox@=\box26
\strutbox@=\box27
\big@size=\dimen107
LaTeX Font Info:    Redeclaring font encoding OML on input line 567.
LaTeX Font Info:    Redeclaring font encoding OMS on input line 568.
\macc@depth=\count94
\c@MaxMatrixCols=\count95
\dotsspace@=\muskip10
\c@parentequation=\count96
\dspbrk@lvl=\count97
\tag@help=\toks16
\row@=\count98
\column@=\count99
\maxfields@=\count100
\andhelp@=\toks17
\eqnshift@=\dimen108
\alignsep@=\dimen109
\tagshift@=\dimen110
\tagwidth@=\dimen111
\totwidth@=\dimen112
\lineht@=\dimen113
\@envbody=\toks18
\multlinegap=\skip44
\multlinetaggap=\skip45
\mathdisplay@stack=\toks19
LaTeX Info: Redefining \[ on input line 2666.
LaTeX Info: Redefining \] on input line 2667.
)
(/usr/share/texmf-texlive/tex/latex/fancybox/fancybox.sty
Package: fancybox 2000/09/19 1.3

Style option: `fancybox' v1.3 <2000/09/19> (tvz)
\@fancybox=\box28
\shadowsize=\dimen114
\@Sbox=\box29
\do@VerbBox=\toks20
\the@fancyput=\toks21
\this@fancyput=\toks22
\EndVerbatimTokens=\toks23
\Verbatim@Outfile=\write3
\Verbatim@Infile=\read1
) (/usr/share/texmf-texlive/tex/latex/misc209/psboxit.sty
\gray@box=\box30
\gray@space=\dimen115
)
(/usr/share/texmf-texlive/tex/latex/fancyhdr/fancyhdr.sty
\fancy@headwidth=\skip46
\f@ncyO@elh=\skip47
\f@ncyO@erh=\skip48
\f@ncyO@olh=\skip49
\f@ncyO@orh=\skip50
\f@ncyO@elf=\skip51
\f@ncyO@erf=\skip52
\f@ncyO@olf=\skip53
\f@ncyO@orf=\skip54
)
(/usr/share/texmf-texlive/tex/latex/quotchap/quotchap.sty
Package: quotchap 1998/02/09 v0.9f Decorative Chapter Headings with Quotes

(/usr/share/texmf-texlive/tex/latex/graphics/color.sty
Package: color 2005/11/14 v1.0j Standard LaTeX Color (DPC)

(/etc/texmf/tex/latex/config/color.cfg
File: color.cfg 2007/01/18 v1.5 color configuration of teTeX/TeXLive
)
Package color Info: Driver file: pdftex.def on input line 130.
)
\@quotebox=\box31
)
(/usr/share/texmf-texlive/tex/latex/titlesec/titlesec.sty
Package: titlesec 2007/08/12 v2.8 Sectioning titles
\ttl@box=\box32
\beforetitleunit=\skip55
\aftertitleunit=\skip56
\ttl@plus=\dimen116
\ttl@minus=\dimen117
\ttl@toksa=\toks24
\titlewidth=\dimen118
\titlewidthlast=\dimen119
\titlewidthfirst=\dimen120
))
(./stylefiles/title.sty

LaTeX Warning: You have requested package `stylefiles/title',
               but the package provides `title'.

Package: title 2005/05/09
) (./thesis.aux (./dedication/dedication.aux)
(./acknowledgement/acknowledgement.aux) (./abstract/abstract.aux)
(./chapter1/chapter1.aux) (./chapter2/chapter2.aux) (./chapter3/chapter3.aux)
(./chapter4/chapter4.aux) (./chapter5/chapter5.aux) (./chapter6/chapter6.aux)
(./chapter7/chapter7.aux) (./appendix/appendix1.aux))
\openout1 = `thesis.aux'.

LaTeX Font Info:    Checking defaults for OML/cmm/m/it on input line 8.
LaTeX Font Info:    ... okay on input line 8.
LaTeX Font Info:    Checking defaults for T1/cmr/m/n on input line 8.
LaTeX Font Info:    ... okay on input line 8.
LaTeX Font Info:    Checking defaults for OT1/cmr/m/n on input line 8.
LaTeX Font Info:    ... okay on input line 8.
LaTeX Font Info:    Checking defaults for OMS/cmsy/m/n on input line 8.
LaTeX Font Info:    ... okay on input line 8.
LaTeX Font Info:    Checking defaults for OMX/cmex/m/n on input line 8.
LaTeX Font Info:    ... okay on input line 8.
LaTeX Font Info:    Checking defaults for U/cmr/m/n on input line 8.
LaTeX Font Info:    ... okay on input line 8.

(/usr/share/texmf/tex/context/base/supp-pdf.mkii
[Loading MPS to PDF converter (version 2006.09.02).]
\scratchcounter=\count101
\scratchdimen=\dimen121
\scratchbox=\box33
\nofMPsegments=\count102
\nofMParguments=\count103
\everyMPshowfont=\toks25
\MPscratchCnt=\count104
\MPscratchDim=\dimen122
\MPnumerator=\count105
\everyMPtoPDFconversion=\toks26
) (./title/title.tex <./figs/png/UoSArms.png, id=1, 260.975pt x 329.23pt>
File: ./figs/png/UoSArms.png Graphic file (type png)

<use ./figs/png/UoSArms.png>
Underfull \vbox (badness 10000) has occurred while \output is active []

 [1




Non-PDF special ignored!
Non-PDF special ignored!

{/var/lib/texmf/fonts/map/pdftex/updmap/pdftex.map} <./figs/png/UoSArms.png>] [
2

])
\openout2 = `dedication/dedication.aux'.

 (./dedication/dedication.tex)
\openout2 = `acknowledgement/acknowledgement.aux'.


(./acknowledgement/acknowledgement.tex)
\openout2 = `abstract/abstract.aux'.

 (./abstract/abstract.tex)
LaTeX Font Info:    Try loading font information for T1+pag on input line 21.

(/usr/share/texmf-texlive/tex/latex/psnfss/t1pag.fd
File: t1pag.fd 2001/06/04 font definitions for T1/pag.
)
LaTeX Font Info:    Font shape `T1/pag/b/n' in size <24.88> not available
(Font)              Font shape `T1/pag/db/n' tried instead on input line 21.
LaTeX Font Info:    Font shape `T1/pag/b/n' in size <100> not available
(Font)              Font shape `T1/pag/db/n' tried instead on input line 21.
 (./thesis.toc)
\tf@toc=\write4
\openout4 = `thesis.toc'.

 [1









Non-PDF special ignored!
Non-PDF special ignored!] [2

] (./thesis.lof)
\tf@lof=\write5
\openout5 = `thesis.lof'.

 [3
Non-PDF special ignored!
Non-PDF special ignored!] [4

]
\openout2 = `chapter1/chapter1.aux'.

 (./chapter1/chapter1.tex)
\openout2 = `chapter2/chapter2.aux'.


(./chapter2/chapter2.tex)
\openout2 = `chapter3/chapter3.aux'.

 (./chapter3/chapter3.tex)
\openout2 = `chapter4/chapter4.aux'.

 (./chapter4/chapter4.tex)
\openout2 = `chapter5/chapter5.aux'.


(./chapter5/chapter5.tex)
\openout2 = `chapter6/chapter6.aux'.

 (./chapter6/chapter6.tex)
\openout2 = `chapter7/chapter7.aux'.

 (./chapter7/chapter7.tex)
\openout2 = `appendix/appendix1.aux'.


(./appendix/appendix1.tex) (./thesis.bbl) (./thesis.aux
(./dedication/dedication.aux) (./acknowledgement/acknowledgement.aux)
(./abstract/abstract.aux) (./chapter1/chapter1.aux) (./chapter2/chapter2.aux)
(./chapter3/chapter3.aux) (./chapter4/chapter4.aux) (./chapter5/chapter5.aux)
(./chapter6/chapter6.aux) (./chapter7/chapter7.aux) (./appendix/appendix1.aux))
 ) 
Here is how much of TeX's memory you used:
 2343 strings out of 495061
 29296 string characters out of 1182622
 88121 words of memory out of 3000000
 5416 multiletter control sequences out of 15000+50000
 9016 words of font info for 22 fonts, out of 3000000 for 9000
 28 hyphenation exceptions out of 8191
 34i,16n,45p,232b,350s stack positions out of 5000i,500n,10000p,200000b,50000s
</usr/share/texmf-texlive/fonts/type1/public/amsfonts/cm/cmbx12.pfb></usr/sha
re/texmf-texlive/fonts/type1/public/amsfonts/cm/cmr12.pfb></usr/share/texmf-tex
live/fonts/type1/public/amsfonts/cm/cmr17.pfb></usr/share/texmf-texlive/fonts/t
ype1/public/amsfonts/cm/cmss17.pfb>
Output written on thesis.pdf (6 pages, 124827 bytes).
PDF statistics:
 40 PDF objects out of 1000 (max. 8388607)
 0 named destinations out of 1000 (max. 500000)
 6 words of extra memory for PDF output out of 10000 (max. 10000000)

